<?xml version="1.0" encoding="UTF-8"?>
<testng-results skipped="0" failed="0" ignored="0" total="2" passed="2">
  <reporter-output>
  </reporter-output>
  <suite name="Suite" duration-ms="3106" started-at="2021-11-08T05:24:43 UTC" finished-at="2021-11-08T05:24:46 UTC">
    <groups>
    </groups>
    <test name="Test" duration-ms="3106" started-at="2021-11-08T05:24:43 UTC" finished-at="2021-11-08T05:24:46 UTC">
      <class name="test.LoginTest">
        <test-method status="PASS" signature="setup()[pri:0, instance:test.LoginTest@e320068]" name="setup" is-config="true" duration-ms="1128" started-at="2021-11-08T05:24:43 UTC" finished-at="2021-11-08T05:24:44 UTC">
          <reporter-output>
          </reporter-output>
        </test-method> <!-- setup -->
        <test-method status="PASS" signature="negetivelogin(java.lang.String,java.lang.String)[pri:0, instance:test.LoginTest@e320068]" name="negetivelogin" duration-ms="377" started-at="2021-11-08T05:24:44 UTC" finished-at="2021-11-08T05:24:44 UTC">
          <params>
            <param index="0">
              <value>
                <![CDATA[standard_user]]>
              </value>
            </param>
            <param index="1">
              <value>
                <![CDATA[ABCdefg1234##]]>
              </value>
            </param>
          </params>
          <reporter-output>
          </reporter-output>
        </test-method> <!-- negetivelogin -->
        <test-method status="PASS" signature="teardown()[pri:0, instance:test.LoginTest@e320068]" name="teardown" is-config="true" duration-ms="78" started-at="2021-11-08T05:24:44 UTC" finished-at="2021-11-08T05:24:44 UTC">
          <reporter-output>
          </reporter-output>
        </test-method> <!-- teardown -->
        <test-method status="PASS" signature="setup()[pri:0, instance:test.LoginTest@e320068]" name="setup" is-config="true" duration-ms="1029" started-at="2021-11-08T05:24:44 UTC" finished-at="2021-11-08T05:24:45 UTC">
          <reporter-output>
          </reporter-output>
        </test-method> <!-- setup -->
        <test-method status="PASS" signature="positivelogin(java.lang.String,java.lang.String)[pri:0, instance:test.LoginTest@e320068]" name="positivelogin" duration-ms="387" started-at="2021-11-08T05:24:45 UTC" finished-at="2021-11-08T05:24:46 UTC">
          <params>
            <param index="0">
              <value>
                <![CDATA[standard_user]]>
              </value>
            </param>
            <param index="1">
              <value>
                <![CDATA[secret_sauce]]>
              </value>
            </param>
          </params>
          <reporter-output>
          </reporter-output>
        </test-method> <!-- positivelogin -->
        <test-method status="PASS" signature="teardown()[pri:0, instance:test.LoginTest@e320068]" name="teardown" is-config="true" duration-ms="74" started-at="2021-11-08T05:24:46 UTC" finished-at="2021-11-08T05:24:46 UTC">
          <reporter-output>
          </reporter-output>
        </test-method> <!-- teardown -->
      </class> <!-- test.LoginTest -->
    </test> <!-- Test -->
  </suite> <!-- Suite -->
</testng-results>
